# JRE version: OpenJDK Runtime Environment (21.0.5) (build 21.0.5+-13047016-b750.29)
# Java VM: OpenJDK 64-Bit Server VM (21.0.5+-13047016-b750.29, mixed mode, tiered, compressed oops, compressed class ptrs, g1 gc, windows-amd64)
GC Precious Log:
 CardTable entry size: 512
 Card Set container configuration: InlinePtr #cards 4 size 8 Array Of Cards #cards 16 size 48 Howl #buckets 8 coarsen threshold 3686 Howl Bitmap #cards 512 size 80 coarsen threshold 460 Card regions per heap region 1 cards per card region 4096
 CPUs: 8 total, 8 available
 Memory: 16106M
 Large Page Support: Disabled
 NUMA Support: Disabled
 Compressed Oops: Enabled (Zero based)
 Heap Region Size: 2M
 Heap Min Capacity: 8M
 Heap Initial Capacity: 252M
 Heap Max Capacity: 4G
 Pre-touch: Disabled
 Parallel Workers: 8
 Concurrent Workers: 2
 Concurrent Refinement Workers: 8
 Periodic GC: Disabled
Heap:
 garbage-first heap   total 460800K, used 260013K [0x0000000700000000, 0x0000000800000000)
  region size 2048K, 7 young (14336K), 7 survivors (14336K)
 Metaspace       used 138954K, committed 141184K, reserved 1179648K
  class space    used 18901K, committed 20032K, reserved 1048576K
GC Heap History (20 events):
Event: 21.691 GC heap after
{Heap after GC invocations=57 (full 0):
 garbage-first heap   total 333824K, used 174622K [0x0000000700000000, 0x0000000800000000)
  region size 2048K, 3 young (6144K), 3 survivors (6144K)
 Metaspace       used 137519K, committed 139840K, reserved 1179648K
  class space    used 18792K, committed 19968K, reserved 1048576K
}
Event: 22.143 GC heap before
{Heap before GC invocations=57 (full 0):
 garbage-first heap   total 333824K, used 305694K [0x0000000700000000, 0x0000000800000000)
  region size 2048K, 68 young (139264K), 3 survivors (6144K)
 Metaspace       used 138250K, committed 140544K, reserved 1179648K
  class space    used 18878K, committed 20032K, reserved 1048576K
}
Event: 22.150 GC heap after
{Heap after GC invocations=58 (full 0):
 garbage-first heap   total 333824K, used 174754K [0x0000000700000000, 0x0000000800000000)
  region size 2048K, 4 young (8192K), 4 survivors (8192K)
 Metaspace       used 138250K, committed 140544K, reserved 1179648K
  class space    used 18878K, committed 20032K, reserved 1048576K
}
Event: 22.742 GC heap before
{Heap before GC invocations=59 (full 0):
 garbage-first heap   total 333824K, used 301730K [0x0000000700000000, 0x0000000800000000)
  region size 2048K, 67 young (137216K), 4 survivors (8192K)
 Metaspace       used 138442K, committed 140736K, reserved 1179648K
  class space    used 18870K, committed 20032K, reserved 1048576K
}
Event: 22.756 GC heap after
{Heap after GC invocations=60 (full 0):
 garbage-first heap   total 333824K, used 186384K [0x0000000700000000, 0x0000000800000000)
  region size 2048K, 9 young (18432K), 9 survivors (18432K)
 Metaspace       used 138442K, committed 140736K, reserved 1179648K
  class space    used 18870K, committed 20032K, reserved 1048576K
}
Event: 23.042 GC heap before
{Heap before GC invocations=60 (full 0):
 garbage-first heap   total 333824K, used 292880K [0x0000000700000000, 0x0000000800000000)
  region size 2048K, 62 young (126976K), 9 survivors (18432K)
 Metaspace       used 138506K, committed 140736K, reserved 1179648K
  class space    used 18879K, committed 20032K, reserved 1048576K
}
Event: 23.062 GC heap after
{Heap after GC invocations=61 (full 0):
 garbage-first heap   total 333824K, used 196425K [0x0000000700000000, 0x0000000800000000)
  region size 2048K, 8 young (16384K), 8 survivors (16384K)
 Metaspace       used 138506K, committed 140736K, reserved 1179648K
  class space    used 18879K, committed 20032K, reserved 1048576K
}
Event: 23.325 GC heap before
{Heap before GC invocations=61 (full 0):
 garbage-first heap   total 333824K, used 294729K [0x0000000700000000, 0x0000000800000000)
  region size 2048K, 57 young (116736K), 8 survivors (16384K)
 Metaspace       used 138576K, committed 140800K, reserved 1179648K
  class space    used 18892K, committed 20032K, reserved 1048576K
}
Event: 23.339 GC heap after
{Heap after GC invocations=62 (full 0):
 garbage-first heap   total 460800K, used 202689K [0x0000000700000000, 0x0000000800000000)
  region size 2048K, 4 young (8192K), 4 survivors (8192K)
 Metaspace       used 138576K, committed 140800K, reserved 1179648K
  class space    used 18892K, committed 20032K, reserved 1048576K
}
Event: 23.928 GC heap before
{Heap before GC invocations=63 (full 0):
 garbage-first heap   total 460800K, used 415681K [0x0000000700000000, 0x0000000800000000)
  region size 2048K, 109 young (223232K), 4 survivors (8192K)
 Metaspace       used 138731K, committed 140992K, reserved 1179648K
  class space    used 18895K, committed 20032K, reserved 1048576K
}
Event: 23.942 GC heap after
{Heap after GC invocations=64 (full 0):
 garbage-first heap   total 460800K, used 223194K [0x0000000700000000, 0x0000000800000000)
  region size 2048K, 14 young (28672K), 14 survivors (28672K)
 Metaspace       used 138731K, committed 140992K, reserved 1179648K
  class space    used 18895K, committed 20032K, reserved 1048576K
}
Event: 24.266 GC heap before
{Heap before GC invocations=64 (full 0):
 garbage-first heap   total 460800K, used 401370K [0x0000000700000000, 0x0000000800000000)
  region size 2048K, 102 young (208896K), 14 survivors (28672K)
 Metaspace       used 138763K, committed 141056K, reserved 1179648K
  class space    used 18895K, committed 20032K, reserved 1048576K
}
Event: 24.292 GC heap after
{Heap after GC invocations=65 (full 0):
 garbage-first heap   total 460800K, used 232603K [0x0000000700000000, 0x0000000800000000)
  region size 2048K, 7 young (14336K), 7 survivors (14336K)
 Metaspace       used 138763K, committed 141056K, reserved 1179648K
  class space    used 18895K, committed 20032K, reserved 1048576K
}
Event: 24.590 GC heap before
{Heap before GC invocations=65 (full 0):
 garbage-first heap   total 460800K, used 410779K [0x0000000700000000, 0x0000000800000000)
  region size 2048K, 94 young (192512K), 7 survivors (14336K)
 Metaspace       used 138802K, committed 141120K, reserved 1179648K
  class space    used 18898K, committed 20032K, reserved 1048576K
}
Event: 24.605 GC heap after
{Heap after GC invocations=66 (full 0):
 garbage-first heap   total 460800K, used 241266K [0x0000000700000000, 0x0000000800000000)
  region size 2048K, 5 young (10240K), 5 survivors (10240K)
 Metaspace       used 138802K, committed 141120K, reserved 1179648K
  class space    used 18898K, committed 20032K, reserved 1048576K
}
Event: 25.154 GC heap before
{Heap before GC invocations=67 (full 0):
 garbage-first heap   total 460800K, used 415346K [0x0000000700000000, 0x0000000800000000)
  region size 2048K, 91 young (186368K), 5 survivors (10240K)
 Metaspace       used 138836K, committed 141120K, reserved 1179648K
  class space    used 18898K, committed 20032K, reserved 1048576K
}
Event: 25.171 GC heap after
{Heap after GC invocations=68 (full 0):
 garbage-first heap   total 460800K, used 250296K [0x0000000700000000, 0x0000000800000000)
  region size 2048K, 9 young (18432K), 9 survivors (18432K)
 Metaspace       used 138836K, committed 141120K, reserved 1179648K
  class space    used 18898K, committed 20032K, reserved 1048576K
}
Event: 25.478 GC heap before
{Heap before GC invocations=68 (full 0):
 garbage-first heap   total 460800K, used 414136K [0x0000000700000000, 0x0000000800000000)
  region size 2048K, 90 young (184320K), 9 survivors (18432K)
 Metaspace       used 138899K, committed 141184K, reserved 1179648K
  class space    used 18900K, committed 20032K, reserved 1048576K
}
Event: 25.500 GC heap after
{Heap after GC invocations=69 (full 0):
 garbage-first heap   total 460800K, used 251537K [0x0000000700000000, 0x0000000800000000)
  region size 2048K, 8 young (16384K), 8 survivors (16384K)
 Metaspace       used 138899K, committed 141184K, reserved 1179648K
  class space    used 18900K, committed 20032K, reserved 1048576K
}
Event: 25.808 GC heap before
{Heap before GC invocations=69 (full 0):
 garbage-first heap   total 460800K, used 415377K [0x0000000700000000, 0x0000000800000000)
  region size 2048K, 89 young (182272K), 8 survivors (16384K)
 Metaspace       used 138954K, committed 141184K, reserved 1179648K
  class space    used 18901K, committed 20032K, reserved 1048576K
}

