# JRE version: OpenJDK Runtime Environment (21.0.5) (build 21.0.5+-13047016-b750.29)
# Java VM: OpenJDK 64-Bit Server VM (21.0.5+-13047016-b750.29, mixed mode, tiered, compressed oops, compressed class ptrs, g1 gc, windows-amd64)
GC Precious Log:
 CardTable entry size: 512
 Card Set container configuration: InlinePtr #cards 4 size 8 Array Of Cards #cards 16 size 48 Howl #buckets 8 coarsen threshold 3686 Howl Bitmap #cards 512 size 80 coarsen threshold 460 Card regions per heap region 1 cards per card region 4096
 CPUs: 8 total, 8 available
 Memory: 16106M
 Large Page Support: Disabled
 NUMA Support: Disabled
 Compressed Oops: Enabled (Zero based)
 Heap Region Size: 2M
 Heap Min Capacity: 8M
 Heap Initial Capacity: 252M
 Heap Max Capacity: 4G
 Pre-touch: Disabled
 Parallel Workers: 8
 Concurrent Workers: 2
 Concurrent Refinement Workers: 8
 Periodic GC: Disabled
Heap:
 garbage-first heap   total 643072K, used 557987K [0x0000000700000000, 0x0000000800000000)
  region size 2048K, 188 young (385024K), 9 survivors (18432K)
 Metaspace       used 212032K, committed 214912K, reserved 1245184K
  class space    used 27204K, committed 28672K, reserved 1048576K
GC Heap History (20 events):
Event: 38.779 GC heap before
{Heap before GC invocations=70 (full 0):
 garbage-first heap   total 561152K, used 496676K [0x0000000700000000, 0x0000000800000000)
  region size 2048K, 106 young (217088K), 2 survivors (4096K)
 Metaspace       used 185403K, committed 188096K, reserved 1245184K
  class space    used 23747K, committed 25088K, reserved 1048576K
}
Event: 38.781 GC heap after
{Heap after GC invocations=71 (full 0):
 garbage-first heap   total 704512K, used 281504K [0x0000000700000000, 0x0000000800000000)
  region size 2048K, 1 young (2048K), 1 survivors (2048K)
 Metaspace       used 185403K, committed 188096K, reserved 1245184K
  class space    used 23747K, committed 25088K, reserved 1048576K
}
Event: 39.077 GC heap before
{Heap before GC invocations=72 (full 0):
 garbage-first heap   total 704512K, used 617376K [0x0000000700000000, 0x0000000800000000)
  region size 2048K, 165 young (337920K), 1 survivors (2048K)
 Metaspace       used 185403K, committed 188096K, reserved 1245184K
  class space    used 23747K, committed 25088K, reserved 1048576K
}
Event: 39.079 GC heap after
{Heap after GC invocations=73 (full 0):
 garbage-first heap   total 704512K, used 280847K [0x0000000700000000, 0x0000000800000000)
  region size 2048K, 1 young (2048K), 1 survivors (2048K)
 Metaspace       used 185403K, committed 188096K, reserved 1245184K
  class space    used 23747K, committed 25088K, reserved 1048576K
}
Event: 39.314 GC heap before
{Heap before GC invocations=73 (full 0):
 garbage-first heap   total 704512K, used 659727K [0x0000000700000000, 0x0000000800000000)
  region size 2048K, 186 young (380928K), 1 survivors (2048K)
 Metaspace       used 185403K, committed 188096K, reserved 1245184K
  class space    used 23747K, committed 25088K, reserved 1048576K
}
Event: 39.316 GC heap after
{Heap after GC invocations=74 (full 0):
 garbage-first heap   total 704512K, used 272822K [0x0000000700000000, 0x0000000800000000)
  region size 2048K, 1 young (2048K), 1 survivors (2048K)
 Metaspace       used 185403K, committed 188096K, reserved 1245184K
  class space    used 23747K, committed 25088K, reserved 1048576K
}
Event: 41.007 GC heap before
{Heap before GC invocations=74 (full 0):
 garbage-first heap   total 704512K, used 629174K [0x0000000700000000, 0x0000000800000000)
  region size 2048K, 176 young (360448K), 1 survivors (2048K)
 Metaspace       used 185403K, committed 188096K, reserved 1245184K
  class space    used 23747K, committed 25088K, reserved 1048576K
}
Event: 41.009 GC heap after
{Heap after GC invocations=75 (full 0):
 garbage-first heap   total 704512K, used 273004K [0x0000000700000000, 0x0000000800000000)
  region size 2048K, 1 young (2048K), 1 survivors (2048K)
 Metaspace       used 185403K, committed 188096K, reserved 1245184K
  class space    used 23747K, committed 25088K, reserved 1048576K
}
Event: 44.243 GC heap before
{Heap before GC invocations=76 (full 0):
 garbage-first heap   total 643072K, used 575764K [0x0000000700000000, 0x0000000800000000)
  region size 2048K, 188 young (385024K), 1 survivors (2048K)
 Metaspace       used 188889K, committed 191680K, reserved 1245184K
  class space    used 24083K, committed 25472K, reserved 1048576K
}
Event: 44.267 GC heap after
{Heap after GC invocations=77 (full 0):
 garbage-first heap   total 643072K, used 238045K [0x0000000700000000, 0x0000000800000000)
  region size 2048K, 24 young (49152K), 24 survivors (49152K)
 Metaspace       used 188889K, committed 191680K, reserved 1245184K
  class space    used 24083K, committed 25472K, reserved 1048576K
}
Event: 47.347 GC heap before
{Heap before GC invocations=77 (full 0):
 garbage-first heap   total 643072K, used 578013K [0x0000000700000000, 0x0000000800000000)
  region size 2048K, 180 young (368640K), 24 survivors (49152K)
 Metaspace       used 194100K, committed 196864K, reserved 1245184K
  class space    used 24536K, committed 25920K, reserved 1048576K
}
Event: 47.355 GC heap after
{Heap after GC invocations=78 (full 0):
 garbage-first heap   total 643072K, used 192242K [0x0000000700000000, 0x0000000800000000)
  region size 2048K, 5 young (10240K), 5 survivors (10240K)
 Metaspace       used 194100K, committed 196864K, reserved 1245184K
  class space    used 24536K, committed 25920K, reserved 1048576K
}
Event: 50.438 GC heap before
{Heap before GC invocations=78 (full 0):
 garbage-first heap   total 643072K, used 564978K [0x0000000700000000, 0x0000000800000000)
  region size 2048K, 188 young (385024K), 5 survivors (10240K)
 Metaspace       used 196257K, committed 199040K, reserved 1245184K
  class space    used 24769K, committed 26112K, reserved 1048576K
}
Event: 50.448 GC heap after
{Heap after GC invocations=79 (full 0):
 garbage-first heap   total 643072K, used 194542K [0x0000000700000000, 0x0000000800000000)
  region size 2048K, 6 young (12288K), 6 survivors (12288K)
 Metaspace       used 196257K, committed 199040K, reserved 1245184K
  class space    used 24769K, committed 26112K, reserved 1048576K
}
Event: 51.143 GC heap before
{Heap before GC invocations=80 (full 0):
 garbage-first heap   total 643072K, used 585710K [0x0000000700000000, 0x0000000800000000)
  region size 2048K, 198 young (405504K), 6 survivors (12288K)
 Metaspace       used 196278K, committed 199040K, reserved 1245184K
  class space    used 24769K, committed 26112K, reserved 1048576K
}
Event: 51.152 GC heap after
{Heap after GC invocations=81 (full 0):
 garbage-first heap   total 643072K, used 196522K [0x0000000700000000, 0x0000000800000000)
  region size 2048K, 7 young (14336K), 7 survivors (14336K)
 Metaspace       used 196278K, committed 199040K, reserved 1245184K
  class space    used 24769K, committed 26112K, reserved 1048576K
}
Event: 51.984 GC heap before
{Heap before GC invocations=81 (full 0):
 garbage-first heap   total 643072K, used 565162K [0x0000000700000000, 0x0000000800000000)
  region size 2048K, 188 young (385024K), 7 survivors (14336K)
 Metaspace       used 196303K, committed 199040K, reserved 1245184K
  class space    used 24769K, committed 26112K, reserved 1048576K
}
Event: 51.994 GC heap after
{Heap after GC invocations=82 (full 0):
 garbage-first heap   total 643072K, used 190758K [0x0000000700000000, 0x0000000800000000)
  region size 2048K, 8 young (16384K), 8 survivors (16384K)
 Metaspace       used 196303K, committed 199040K, reserved 1245184K
  class space    used 24769K, committed 26112K, reserved 1048576K
}
Event: 52.496 GC heap before
{Heap before GC invocations=82 (full 0):
 garbage-first heap   total 643072K, used 440614K [0x0000000700000000, 0x0000000800000000)
  region size 2048K, 131 young (268288K), 8 survivors (16384K)
 Metaspace       used 196305K, committed 199104K, reserved 1245184K
  class space    used 24770K, committed 26176K, reserved 1048576K
}
Event: 52.505 GC heap after
{Heap after GC invocations=83 (full 0):
 garbage-first heap   total 643072K, used 193443K [0x0000000700000000, 0x0000000800000000)
  region size 2048K, 9 young (18432K), 9 survivors (18432K)
 Metaspace       used 196305K, committed 199104K, reserved 1245184K
  class space    used 24770K, committed 26176K, reserved 1048576K
}

