# JRE version: OpenJDK Runtime Environment Temurin-17.0.8.1+1 (17.0.8.1+1) (build 17.0.8.1+1)
# Java VM: OpenJDK 64-Bit Server VM Temurin-17.0.8.1+1 (17.0.8.1+1, mixed mode, sharing, tiered, compressed oops, compressed class ptrs, g1 gc, windows-amd64)
GC Precious Log:
 CPUs: 8 total, 8 available
 Memory: 16106M
 Large Page Support: Disabled
 NUMA Support: Disabled
 Compressed Oops: Enabled (Zero based)
 Heap Region Size: 2M
 Heap Min Capacity: 8M
 Heap Initial Capacity: 252M
 Heap Max Capacity: 4G
 Pre-touch: Disabled
 Parallel Workers: 8
 Concurrent Workers: 2
 Concurrent Refinement Workers: 8
 Periodic GC: Disabled
Heap:
 garbage-first heap   total 401408K, used 179913K [0x0000000700000000, 0x0000000800000000)
  region size 2048K, 4 young (8192K), 4 survivors (8192K)
 Metaspace       used 152214K, committed 153216K, reserved 1245184K
  class space    used 19676K, committed 20160K, reserved 1048576K
GC Heap History (20 events):
Event: 14.638 GC heap after
{Heap after GC invocations=30 (full 0):
 garbage-first heap   total 200704K, used 96944K [0x0000000700000000, 0x0000000800000000)
  region size 2048K, 6 young (12288K), 6 survivors (12288K)
 Metaspace       used 110849K, committed 111552K, reserved 1179648K
  class space    used 14231K, committed 14528K, reserved 1048576K
}
Event: 15.019 GC heap before
{Heap before GC invocations=30 (full 0):
 garbage-first heap   total 200704K, used 158384K [0x0000000700000000, 0x0000000800000000)
  region size 2048K, 36 young (73728K), 6 survivors (12288K)
 Metaspace       used 111392K, committed 112192K, reserved 1179648K
  class space    used 14258K, committed 14592K, reserved 1048576K
}
Event: 15.029 GC heap after
{Heap after GC invocations=31 (full 0):
 garbage-first heap   total 401408K, used 99263K [0x0000000700000000, 0x0000000800000000)
  region size 2048K, 3 young (6144K), 3 survivors (6144K)
 Metaspace       used 111392K, committed 112192K, reserved 1179648K
  class space    used 14258K, committed 14592K, reserved 1048576K
}
Event: 16.113 GC heap before
{Heap before GC invocations=31 (full 0):
 garbage-first heap   total 401408K, used 302015K [0x0000000700000000, 0x0000000800000000)
  region size 2048K, 100 young (204800K), 3 survivors (6144K)
 Metaspace       used 111929K, committed 112640K, reserved 1179648K
  class space    used 14317K, committed 14656K, reserved 1048576K
}
Event: 16.131 GC heap after
{Heap after GC invocations=32 (full 0):
 garbage-first heap   total 401408K, used 135885K [0x0000000700000000, 0x0000000800000000)
  region size 2048K, 13 young (26624K), 13 survivors (26624K)
 Metaspace       used 111929K, committed 112640K, reserved 1179648K
  class space    used 14317K, committed 14656K, reserved 1048576K
}
Event: 17.468 GC heap before
{Heap before GC invocations=32 (full 0):
 garbage-first heap   total 401408K, used 303821K [0x0000000700000000, 0x0000000800000000)
  region size 2048K, 94 young (192512K), 13 survivors (26624K)
 Metaspace       used 119063K, committed 119872K, reserved 1179648K
  class space    used 15173K, committed 15552K, reserved 1048576K
}
Event: 17.483 GC heap after
{Heap after GC invocations=33 (full 0):
 garbage-first heap   total 401408K, used 154380K [0x0000000700000000, 0x0000000800000000)
  region size 2048K, 9 young (18432K), 9 survivors (18432K)
 Metaspace       used 119063K, committed 119872K, reserved 1179648K
  class space    used 15173K, committed 15552K, reserved 1048576K
}
Event: 18.100 GC heap before
{Heap before GC invocations=33 (full 0):
 garbage-first heap   total 401408K, used 213772K [0x0000000700000000, 0x0000000800000000)
  region size 2048K, 40 young (81920K), 9 survivors (18432K)
 Metaspace       used 123474K, committed 124288K, reserved 1179648K
  class space    used 15750K, committed 16128K, reserved 1048576K
}
Event: 18.108 GC heap after
{Heap after GC invocations=34 (full 0):
 garbage-first heap   total 401408K, used 161441K [0x0000000700000000, 0x0000000800000000)
  region size 2048K, 4 young (8192K), 4 survivors (8192K)
 Metaspace       used 123474K, committed 124288K, reserved 1179648K
  class space    used 15750K, committed 16128K, reserved 1048576K
}
Event: 19.638 GC heap before
{Heap before GC invocations=35 (full 0):
 garbage-first heap   total 401408K, used 315041K [0x0000000700000000, 0x0000000800000000)
  region size 2048K, 77 young (157696K), 4 survivors (8192K)
 Metaspace       used 131928K, committed 132864K, reserved 1179648K
  class space    used 16893K, committed 17344K, reserved 1048576K
}
Event: 19.648 GC heap after
{Heap after GC invocations=36 (full 0):
 garbage-first heap   total 401408K, used 175358K [0x0000000700000000, 0x0000000800000000)
  region size 2048K, 9 young (18432K), 9 survivors (18432K)
 Metaspace       used 131928K, committed 132864K, reserved 1179648K
  class space    used 16893K, committed 17344K, reserved 1048576K
}
Event: 19.671 GC heap before
{Heap before GC invocations=36 (full 0):
 garbage-first heap   total 401408K, used 177406K [0x0000000700000000, 0x0000000800000000)
  region size 2048K, 10 young (20480K), 9 survivors (18432K)
 Metaspace       used 131934K, committed 132864K, reserved 1179648K
  class space    used 16893K, committed 17344K, reserved 1048576K
}
Event: 19.678 GC heap after
{Heap after GC invocations=37 (full 0):
 garbage-first heap   total 401408K, used 170750K [0x0000000700000000, 0x0000000800000000)
  region size 2048K, 1 young (2048K), 1 survivors (2048K)
 Metaspace       used 131934K, committed 132864K, reserved 1179648K
  class space    used 16893K, committed 17344K, reserved 1048576K
}
Event: 21.092 GC heap before
{Heap before GC invocations=37 (full 0):
 garbage-first heap   total 401408K, used 316158K [0x0000000700000000, 0x0000000800000000)
  region size 2048K, 72 young (147456K), 1 survivors (2048K)
 Metaspace       used 133158K, committed 134016K, reserved 1179648K
  class space    used 16930K, committed 17344K, reserved 1048576K
}
Event: 21.102 GC heap after
{Heap after GC invocations=38 (full 0):
 garbage-first heap   total 401408K, used 185978K [0x0000000700000000, 0x0000000800000000)
  region size 2048K, 9 young (18432K), 9 survivors (18432K)
 Metaspace       used 133158K, committed 134016K, reserved 1179648K
  class space    used 16930K, committed 17344K, reserved 1048576K
}
Event: 23.053 GC heap before
{Heap before GC invocations=39 (full 0):
 garbage-first heap   total 401408K, used 315002K [0x0000000700000000, 0x0000000800000000)
  region size 2048K, 73 young (149504K), 9 survivors (18432K)
 Metaspace       used 141722K, committed 142592K, reserved 1179648K
  class space    used 18191K, committed 18624K, reserved 1048576K
}
Event: 23.066 GC heap after
{Heap after GC invocations=40 (full 0):
 garbage-first heap   total 401408K, used 190616K [0x0000000700000000, 0x0000000800000000)
  region size 2048K, 4 young (8192K), 4 survivors (8192K)
 Metaspace       used 141722K, committed 142592K, reserved 1179648K
  class space    used 18191K, committed 18624K, reserved 1048576K
}
Event: 23.174 GC heap before
{Heap before GC invocations=40 (full 0):
 garbage-first heap   total 401408K, used 200856K [0x0000000700000000, 0x0000000800000000)
  region size 2048K, 9 young (18432K), 4 survivors (8192K)
 Metaspace       used 142425K, committed 143296K, reserved 1179648K
  class space    used 18285K, committed 18688K, reserved 1048576K
}
Event: 23.181 GC heap after
{Heap after GC invocations=41 (full 0):
 garbage-first heap   total 401408K, used 179426K [0x0000000700000000, 0x0000000800000000)
  region size 2048K, 1 young (2048K), 1 survivors (2048K)
 Metaspace       used 142425K, committed 143296K, reserved 1179648K
  class space    used 18285K, committed 18688K, reserved 1048576K
}
Event: 25.109 GC heap before
{Heap before GC invocations=41 (full 0):
 garbage-first heap   total 401408K, used 320738K [0x0000000700000000, 0x0000000800000000)
  region size 2048K, 70 young (143360K), 1 survivors (2048K)
 Metaspace       used 152214K, committed 153216K, reserved 1245184K
  class space    used 19676K, committed 20160K, reserved 1048576K
}

