# JRE version: OpenJDK Runtime Environment (21.0.5) (build 21.0.5+-13047016-b750.29)
# Java VM: OpenJDK 64-Bit Server VM (21.0.5+-13047016-b750.29, mixed mode, tiered, compressed oops, compressed class ptrs, g1 gc, windows-amd64)
GC Precious Log:
 CardTable entry size: 512
 Card Set container configuration: InlinePtr #cards 4 size 8 Array Of Cards #cards 16 size 48 Howl #buckets 8 coarsen threshold 3686 Howl Bitmap #cards 512 size 80 coarsen threshold 460 Card regions per heap region 1 cards per card region 4096
 CPUs: 8 total, 8 available
 Memory: 16106M
 Large Page Support: Disabled
 NUMA Support: Disabled
 Compressed Oops: Enabled (Zero based)
 Heap Region Size: 2M
 Heap Min Capacity: 8M
 Heap Initial Capacity: 252M
 Heap Max Capacity: 4G
 Pre-touch: Disabled
 Parallel Workers: 8
 Concurrent Workers: 2
 Concurrent Refinement Workers: 8
 Periodic GC: Disabled
Heap:
 garbage-first heap   total 716800K, used 368618K [0x0000000700000000, 0x0000000800000000)
  region size 2048K, 9 young (18432K), 6 survivors (12288K)
 Metaspace       used 203415K, committed 206080K, reserved 1245184K
  class space    used 26385K, committed 27776K, reserved 1048576K
GC Heap History (20 events):
Event: 2335.833 GC heap before
{Heap before GC invocations=111 (full 0):
 garbage-first heap   total 532480K, used 478263K [0x0000000700000000, 0x0000000800000000)
  region size 2048K, 102 young (208896K), 4 survivors (8192K)
 Metaspace       used 201113K, committed 203712K, reserved 1245184K
  class space    used 26227K, committed 27584K, reserved 1048576K
}
Event: 2335.841 GC heap after
{Heap after GC invocations=112 (full 0):
 garbage-first heap   total 704512K, used 277202K [0x0000000700000000, 0x0000000800000000)
  region size 2048K, 4 young (8192K), 4 survivors (8192K)
 Metaspace       used 201113K, committed 203712K, reserved 1245184K
  class space    used 26227K, committed 27584K, reserved 1048576K
}
Event: 2338.213 GC heap before
{Heap before GC invocations=113 (full 0):
 garbage-first heap   total 704512K, used 596690K [0x0000000700000000, 0x0000000800000000)
  region size 2048K, 163 young (333824K), 4 survivors (8192K)
 Metaspace       used 201250K, committed 203840K, reserved 1245184K
  class space    used 26228K, committed 27584K, reserved 1048576K
}
Event: 2338.226 GC heap after
{Heap after GC invocations=114 (full 0):
 garbage-first heap   total 704512K, used 284974K [0x0000000700000000, 0x0000000800000000)
  region size 2048K, 10 young (20480K), 10 survivors (20480K)
 Metaspace       used 201250K, committed 203840K, reserved 1245184K
  class space    used 26228K, committed 27584K, reserved 1048576K
}
Event: 2341.302 GC heap before
{Heap before GC invocations=114 (full 0):
 garbage-first heap   total 704512K, used 635182K [0x0000000700000000, 0x0000000800000000)
  region size 2048K, 182 young (372736K), 10 survivors (20480K)
 Metaspace       used 201260K, committed 203904K, reserved 1245184K
  class space    used 26229K, committed 27584K, reserved 1048576K
}
Event: 2341.315 GC heap after
{Heap after GC invocations=115 (full 0):
 garbage-first heap   total 704512K, used 258586K [0x0000000700000000, 0x0000000800000000)
  region size 2048K, 4 young (8192K), 4 survivors (8192K)
 Metaspace       used 201260K, committed 203904K, reserved 1245184K
  class space    used 26229K, committed 27584K, reserved 1048576K
}
Event: 2344.598 GC heap before
{Heap before GC invocations=115 (full 0):
 garbage-first heap   total 704512K, used 567834K [0x0000000700000000, 0x0000000800000000)
  region size 2048K, 157 young (321536K), 4 survivors (8192K)
 Metaspace       used 201313K, committed 203904K, reserved 1245184K
  class space    used 26229K, committed 27584K, reserved 1048576K
}
Event: 2344.605 GC heap after
{Heap after GC invocations=116 (full 0):
 garbage-first heap   total 704512K, used 259057K [0x0000000700000000, 0x0000000800000000)
  region size 2048K, 4 young (8192K), 4 survivors (8192K)
 Metaspace       used 201313K, committed 203904K, reserved 1245184K
  class space    used 26229K, committed 27584K, reserved 1048576K
}
Event: 2546.389 GC heap before
{Heap before GC invocations=117 (full 0):
 garbage-first heap   total 704512K, used 701425K [0x0000000700000000, 0x0000000800000000)
  region size 2048K, 194 young (397312K), 4 survivors (8192K)
 Metaspace       used 201459K, committed 204032K, reserved 1245184K
  class space    used 26233K, committed 27584K, reserved 1048576K
}
Event: 2546.403 GC heap after
{Heap after GC invocations=118 (full 0):
 garbage-first heap   total 716800K, used 259496K [0x0000000700000000, 0x0000000800000000)
  region size 2048K, 6 young (12288K), 6 survivors (12288K)
 Metaspace       used 201459K, committed 204032K, reserved 1245184K
  class space    used 26233K, committed 27584K, reserved 1048576K
}
Event: 2930.132 GC heap before
{Heap before GC invocations=118 (full 0):
 garbage-first heap   total 716800K, used 665000K [0x0000000700000000, 0x0000000800000000)
  region size 2048K, 205 young (419840K), 6 survivors (12288K)
 Metaspace       used 201728K, committed 204288K, reserved 1245184K
  class space    used 26240K, committed 27584K, reserved 1048576K
}
Event: 2930.159 GC heap after
{Heap after GC invocations=119 (full 0):
 garbage-first heap   total 716800K, used 258150K [0x0000000700000000, 0x0000000800000000)
  region size 2048K, 12 young (24576K), 12 survivors (24576K)
 Metaspace       used 201728K, committed 204288K, reserved 1245184K
  class space    used 26240K, committed 27584K, reserved 1048576K
}
Event: 2979.884 GC heap before
{Heap before GC invocations=119 (full 0):
 garbage-first heap   total 716800K, used 651366K [0x0000000700000000, 0x0000000800000000)
  region size 2048K, 205 young (419840K), 12 survivors (24576K)
 Metaspace       used 203210K, committed 205824K, reserved 1245184K
  class space    used 26374K, committed 27776K, reserved 1048576K
}
Event: 2979.909 GC heap after
{Heap after GC invocations=120 (full 0):
 garbage-first heap   total 716800K, used 266554K [0x0000000700000000, 0x0000000800000000)
  region size 2048K, 16 young (32768K), 16 survivors (32768K)
 Metaspace       used 203210K, committed 205824K, reserved 1245184K
  class space    used 26374K, committed 27776K, reserved 1048576K
}
Event: 2996.688 GC heap before
{Heap before GC invocations=121 (full 0):
 garbage-first heap   total 716800K, used 647482K [0x0000000700000000, 0x0000000800000000)
  region size 2048K, 201 young (411648K), 16 survivors (32768K)
 Metaspace       used 203287K, committed 205888K, reserved 1245184K
  class space    used 26375K, committed 27776K, reserved 1048576K
}
Event: 2996.713 GC heap after
{Heap after GC invocations=122 (full 0):
 garbage-first heap   total 716800K, used 284931K [0x0000000700000000, 0x0000000800000000)
  region size 2048K, 22 young (45056K), 22 survivors (45056K)
 Metaspace       used 203287K, committed 205888K, reserved 1245184K
  class space    used 26375K, committed 27776K, reserved 1048576K
}
Event: 2997.830 GC heap before
{Heap before GC invocations=122 (full 0):
 garbage-first heap   total 716800K, used 631043K [0x0000000700000000, 0x0000000800000000)
  region size 2048K, 192 young (393216K), 22 survivors (45056K)
 Metaspace       used 203321K, committed 205952K, reserved 1245184K
  class space    used 26376K, committed 27776K, reserved 1048576K
}
Event: 2997.855 GC heap after
{Heap after GC invocations=123 (full 0):
 garbage-first heap   total 716800K, used 270513K [0x0000000700000000, 0x0000000800000000)
  region size 2048K, 8 young (16384K), 8 survivors (16384K)
 Metaspace       used 203321K, committed 205952K, reserved 1245184K
  class space    used 26376K, committed 27776K, reserved 1048576K
}
Event: 2998.367 GC heap before
{Heap before GC invocations=123 (full 0):
 garbage-first heap   total 716800K, used 379057K [0x0000000700000000, 0x0000000800000000)
  region size 2048K, 63 young (129024K), 8 survivors (16384K)
 Metaspace       used 203401K, committed 206016K, reserved 1245184K
  class space    used 26385K, committed 27776K, reserved 1048576K
}
Event: 2998.372 GC heap after
{Heap after GC invocations=124 (full 0):
 garbage-first heap   total 716800K, used 266218K [0x0000000700000000, 0x0000000800000000)
  region size 2048K, 6 young (12288K), 6 survivors (12288K)
 Metaspace       used 203401K, committed 206016K, reserved 1245184K
  class space    used 26385K, committed 27776K, reserved 1048576K
}

