# JRE version: OpenJDK Runtime Environment (21.0.5) (build 21.0.5+-13047016-b750.29)
# Java VM: OpenJDK 64-Bit Server VM (21.0.5+-13047016-b750.29, mixed mode, tiered, compressed oops, compressed class ptrs, g1 gc, windows-amd64)
GC Precious Log:
 CardTable entry size: 512
 Card Set container configuration: InlinePtr #cards 4 size 8 Array Of Cards #cards 16 size 48 Howl #buckets 8 coarsen threshold 3686 Howl Bitmap #cards 512 size 80 coarsen threshold 460 Card regions per heap region 1 cards per card region 4096
 CPUs: 8 total, 8 available
 Memory: 16106M
 Large Page Support: Disabled
 NUMA Support: Disabled
 Compressed Oops: Enabled (Zero based)
 Heap Region Size: 2M
 Heap Min Capacity: 8M
 Heap Initial Capacity: 252M
 Heap Max Capacity: 4G
 Pre-touch: Disabled
 Parallel Workers: 8
 Concurrent Workers: 2
 Concurrent Refinement Workers: 8
 Periodic GC: Disabled
Heap:
 garbage-first heap   total 630784K, used 262213K [0x0000000700000000, 0x0000000800000000)
  region size 2048K, 13 young (26624K), 10 survivors (20480K)
 Metaspace       used 221385K, committed 224256K, reserved 1245184K
  class space    used 27969K, committed 29440K, reserved 1048576K
GC Heap History (20 events):
Event: 64.231 GC heap before
{Heap before GC invocations=69 (full 0):
 garbage-first heap   total 466944K, used 436689K [0x0000000700000000, 0x0000000800000000)
  region size 2048K, 122 young (249856K), 7 survivors (14336K)
 Metaspace       used 202291K, committed 205120K, reserved 1245184K
  class space    used 25647K, committed 27072K, reserved 1048576K
}
Event: 64.253 GC heap after
{Heap after GC invocations=70 (full 0):
 garbage-first heap   total 473088K, used 207265K [0x0000000700000000, 0x0000000800000000)
  region size 2048K, 14 young (28672K), 14 survivors (28672K)
 Metaspace       used 202291K, committed 205120K, reserved 1245184K
  class space    used 25647K, committed 27072K, reserved 1048576K
}
Event: 65.766 GC heap before
{Heap before GC invocations=70 (full 0):
 garbage-first heap   total 473088K, used 414113K [0x0000000700000000, 0x0000000800000000)
  region size 2048K, 116 young (237568K), 14 survivors (28672K)
 Metaspace       used 202524K, committed 205376K, reserved 1245184K
  class space    used 25659K, committed 27072K, reserved 1048576K
}
Event: 65.798 GC heap after
{Heap after GC invocations=71 (full 0):
 garbage-first heap   total 473088K, used 217479K [0x0000000700000000, 0x0000000800000000)
  region size 2048K, 15 young (30720K), 15 survivors (30720K)
 Metaspace       used 202524K, committed 205376K, reserved 1245184K
  class space    used 25659K, committed 27072K, reserved 1048576K
}
Event: 66.769 GC heap before
{Heap before GC invocations=72 (full 0):
 garbage-first heap   total 473088K, used 412039K [0x0000000700000000, 0x0000000800000000)
  region size 2048K, 111 young (227328K), 15 survivors (30720K)
 Metaspace       used 202640K, committed 205568K, reserved 1245184K
  class space    used 25680K, committed 27136K, reserved 1048576K
}
Event: 66.792 GC heap after
{Heap after GC invocations=73 (full 0):
 garbage-first heap   total 473088K, used 224999K [0x0000000700000000, 0x0000000800000000)
  region size 2048K, 6 young (12288K), 6 survivors (12288K)
 Metaspace       used 202640K, committed 205568K, reserved 1245184K
  class space    used 25680K, committed 27136K, reserved 1048576K
}
Event: 67.212 GC heap before
{Heap before GC invocations=73 (full 0):
 garbage-first heap   total 473088K, used 456423K [0x0000000700000000, 0x0000000800000000)
  region size 2048K, 107 young (219136K), 6 survivors (12288K)
 Metaspace       used 202786K, committed 205632K, reserved 1245184K
  class space    used 25693K, committed 27136K, reserved 1048576K
}
Event: 67.231 GC heap after
{Heap after GC invocations=74 (full 0):
 garbage-first heap   total 489472K, used 234594K [0x0000000700000000, 0x0000000800000000)
  region size 2048K, 11 young (22528K), 11 survivors (22528K)
 Metaspace       used 202786K, committed 205632K, reserved 1245184K
  class space    used 25693K, committed 27136K, reserved 1048576K
}
Event: 67.389 GC heap before
{Heap before GC invocations=74 (full 0):
 garbage-first heap   total 489472K, used 349282K [0x0000000700000000, 0x0000000800000000)
  region size 2048K, 69 young (141312K), 11 survivors (22528K)
 Metaspace       used 202787K, committed 205632K, reserved 1245184K
  class space    used 25693K, committed 27136K, reserved 1048576K
}
Event: 67.400 GC heap after
{Heap after GC invocations=75 (full 0):
 garbage-first heap   total 587776K, used 246042K [0x0000000700000000, 0x0000000800000000)
  region size 2048K, 13 young (26624K), 13 survivors (26624K)
 Metaspace       used 202787K, committed 205632K, reserved 1245184K
  class space    used 25693K, committed 27136K, reserved 1048576K
}
Event: 68.129 GC heap before
{Heap before GC invocations=76 (full 0):
 garbage-first heap   total 587776K, used 586010K [0x0000000700000000, 0x0000000800000000)
  region size 2048K, 134 young (274432K), 13 survivors (26624K)
 Metaspace       used 202711K, committed 205568K, reserved 1245184K
  class space    used 25681K, committed 27136K, reserved 1048576K
}
Event: 68.145 GC heap after
{Heap after GC invocations=77 (full 0):
 garbage-first heap   total 624640K, used 280488K [0x0000000700000000, 0x0000000800000000)
  region size 2048K, 11 young (22528K), 11 survivors (22528K)
 Metaspace       used 202711K, committed 205568K, reserved 1245184K
  class space    used 25681K, committed 27136K, reserved 1048576K
}
Event: 68.864 GC heap before
{Heap before GC invocations=77 (full 0):
 garbage-first heap   total 624640K, used 561064K [0x0000000700000000, 0x0000000800000000)
  region size 2048K, 147 young (301056K), 11 survivors (22528K)
 Metaspace       used 202743K, committed 205568K, reserved 1245184K
  class space    used 25684K, committed 27136K, reserved 1048576K
}
Event: 68.871 GC heap after
{Heap after GC invocations=78 (full 0):
 garbage-first heap   total 624640K, used 237568K [0x0000000700000000, 0x0000000800000000)
  region size 2048K, 2 young (4096K), 2 survivors (4096K)
 Metaspace       used 202743K, committed 205568K, reserved 1245184K
  class space    used 25684K, committed 27136K, reserved 1048576K
}
Event: 69.482 GC heap before
{Heap before GC invocations=78 (full 0):
 garbage-first heap   total 624640K, used 286720K [0x0000000700000000, 0x0000000800000000)
  region size 2048K, 27 young (55296K), 2 survivors (4096K)
 Metaspace       used 202757K, committed 205632K, reserved 1245184K
  class space    used 25685K, committed 27136K, reserved 1048576K
}
Event: 69.485 GC heap after
{Heap after GC invocations=79 (full 0):
 garbage-first heap   total 624640K, used 233038K [0x0000000700000000, 0x0000000800000000)
  region size 2048K, 1 young (2048K), 1 survivors (2048K)
 Metaspace       used 202757K, committed 205632K, reserved 1245184K
  class space    used 25685K, committed 27136K, reserved 1048576K
}
Event: 71.901 GC heap before
{Heap before GC invocations=80 (full 0):
 garbage-first heap   total 624640K, used 593486K [0x0000000700000000, 0x0000000800000000)
  region size 2048K, 174 young (356352K), 1 survivors (2048K)
 Metaspace       used 212272K, committed 215232K, reserved 1245184K
  class space    used 26725K, committed 28160K, reserved 1048576K
}
Event: 71.913 GC heap after
{Heap after GC invocations=81 (full 0):
 garbage-first heap   total 630784K, used 263040K [0x0000000700000000, 0x0000000800000000)
  region size 2048K, 16 young (32768K), 16 survivors (32768K)
 Metaspace       used 212272K, committed 215232K, reserved 1245184K
  class space    used 26725K, committed 28160K, reserved 1048576K
}
Event: 75.033 GC heap before
{Heap before GC invocations=81 (full 0):
 garbage-first heap   total 630784K, used 564096K [0x0000000700000000, 0x0000000800000000)
  region size 2048K, 162 young (331776K), 16 survivors (32768K)
 Metaspace       used 221108K, committed 224000K, reserved 1245184K
  class space    used 27919K, committed 29376K, reserved 1048576K
}
Event: 75.054 GC heap after
{Heap after GC invocations=82 (full 0):
 garbage-first heap   total 630784K, used 258117K [0x0000000700000000, 0x0000000800000000)
  region size 2048K, 10 young (20480K), 10 survivors (20480K)
 Metaspace       used 221108K, committed 224000K, reserved 1245184K
  class space    used 27919K, committed 29376K, reserved 1048576K
}

